    1  whoami
    2  exit
    3  sudo -q
    4  sudo -h
    5  sudo --
    6  sudo
    7  sudo -h
    8  sudo -l
    9  sudo -s ubuntu
   10  sudo --user=ubuntu
   11  cd
   12  ls
   13  cd ..
   14  ls
   15  cd
   16  ls
   17  pwd
   18  cd snap
   19  ls
   20  cd
   21  cd ..
   22  ls
   23  pwd
   24  cd root
   25  ls
   26  cd
   27  ls
   28  cd secrets
   29  ls
   30  less master.key
   31  less initial*
   32  sudo
   33  man sudo
   34  sudo -u
   35  sudo -u ubuntu
   36  man sudo
   37  sudo -U ubuntu
   38  sudo -s
   39  exit
   40  cd secrets
   41  ls
   42  cd initial*
   43  cat initial*
   44  ls
   45  cd var
   46  ls
   47  cd lib
   48  ls
   49  cd jenkins
   50  ls
   51  cd secrets
   52  ls
   53  cat initial*
   54  exit
   55  docker image ls
   56  docker run -d -p 80:80 docker/getting-started
   57  docker image inspect cb90
   58  docker image --help
   59  docker history cb
   60  docker
   61  docker images ls
   62  docker run -dp 1000:80 docker/getting-started
   63  docker images ls
   64  docker ls
   65  docker images ls
   66  docker run --help
   67  docker images ls
   68  docker images --help
   69  docker image -a
   70  docker image -all
   71  docker images -all
   72  docker images -a
   73  docker image --help
   74  docker image build cb90
   75  docker image load cb90
   76  docker image load 
   77  docker --help
   78  docker start --help
   79  docker start cb90
   80  cd ..
   81  ls
   82  cd ..
   83  ls
   84  cd lib
   85  ls
   86  cd jenkins
   87  cd ..
   88  ls
   89  cd var
   90  ls
   91  cd lib
   92  ls
   93  cd jenkins
   94  cd secrets
   95  ls
   96  cd initial
   97  cd initial*
   98  cat initial
   99  cat initial*
  100  pwd
  101  ls
  102  sudo visudo -f /etc/sudoers.d/jenkins
  103  visudo -f /etc/sudoers.d/jenkins
  104  sudo visudo -f /etc/sudoers.d/jenkins
  105  visudo -f /etc/sudoers.d/jenkins
  106  docker images
  107  docker search
  108  docker search ubuntu
  109  docker pull ubuntu
  110  docker images
  111  docker run --help
  112  docker run cb90 1000:80
  113  docker run cb90 
  114  docker run -d cb90
  115  ls
  116  processes
  117  df
  118  ps
  119  ps -a
  120  ps --help
  121  ps -ef
  122  ps -ef -f
  123  ps -ef f
  124  docker images
  125  docker containers
  126  docker container
  127  docker container ls
  128  docker containers rm 930cfca
  129  docker container rm 930cfca
  130  docker container stop 930cfca
  131  docker container ls
  132  docker container stop f0d
  133  docker container ls
  134  docker image pull nginx
  135  docker images
  136  docker container ls
  137  docker build getting-started 
  138  docker build -t getting-started 
  139  docker build -t getting-started . 
  140  docker images
  141  docker run nginx 
  142  docker run -d nginx
  143  docker containers
  144  docker container ls
  145  docker stop 4d4deeee
  146  docker stop 4d4deee
  147  docker container ls
  148  docker run nginx 1010:80
  149  docker run -d nginx 1010:80
  150  docker container ls
  151  docker run -dp nginx 1010:80
  152  docker container ls
  153  docker images
  154  docker run -dp 1010:80 nginx
  155  docker container ls
  156  pwd
  157  ls
  158  docker container ls
  159  docker volume create db1
  160  docker volume inspect db1
  161  docker container ls
  162  docker stop ngix 
  163  docker stop df74
  164  docker container ls
  165  docker images
  166  docker run -dp 1010:80 -v db1:/etc/docker_db1 nginx
  167  docker container ls
  168  docker container --help
  169  docker container inspect 81e
  170  ls
  171  cd ..
  172  ls
  173  cd ..
  174  ls
  175  cd etc
  176  ls
  177  cd docker
  178  ls
  179  cd ..
  180  ls
  181  cd
  182  ls
  183  cd ..
  184  ls
  185  cd var/lib
  186  ls
  187  cd docker/volumes
  188  ls
  189  cd db1
  190  ls
  191  cd _data
  192  ls
  193  cd
  194  ls
  195  pwd
  196  ls
  197  df
  198  df -h
  199  docker container ls
  200  docker images
  201  docker scan nginx
  202  docker image --help
  203  docker --help
  204  docker ps
  205  docker list
  206  docker build --help
  207  docker container ls
  208  docker container ls -a
  209  docker run --name some-nginx -v /some/content:/usr/share/nginx/html:ro -d nginx
  210  docker ps
  211  docker container stop some-nginx
  212  docker ps
  213  docker run --name some-nginx -p 1020:80 -v /some/content:/usr/share/nginx/html:ro -d nginx
  214  docker ps
  215  docker rm some-nginx
  216  docker run --name some-nginx -p 1020:80 -v /some/content:/usr/share/nginx/html:ro -d nginx
  217  docker ps
  218  docker container stop some-nginx
  219  docker rm some-nginx
  220  docker run --help
  221  ps
  222  docker images
  223  docker image prune
  224  docker iamges
  225  docker images
  226  docker container ls
  227  docker stop 81e 6a2
  228  docker ps
  229  docker image ls
  230  docker image prune
  231  docker rm b62 b69 df5 cb9
  232  docker image rm b62 b69 df5 cb9
  233  docker images
  234  docker rm -f b69 cb9
  235  docker image rm -f b69 cb9
  236  docker images
  237  clear
  238  ./activate
  239  ls
  240  activate
  241  exit
  242  docker images
  243  ls
  244  cd ..
  245  history
  246  ls
  247  cd ..
  248  ls
  249  cat history > sudo_history_docker_cmd.log
  250  cat history >> sudo_history_docker_cmd.log
  251  cat history > sudo_history_docker_cmd.log
  252  history > sudo_history_docker_cmd.log
  253  cat sudo_*
  254  ls
  255  docker images
  256  docker run python
  257  docker container ls
  258  docker run --help
  259  docker container ls
  260  docker run --name some-py3-app -d python
  261  docker container ls
  262  docker images
  263  docker containers
  264  docker container
  265  docker container ls
  266  docker container ls -a
  267  docker run --name some-py3-app -d 
  268  docker run --name some-py3-app -d python
  269  docker run -d python
  270  docker container ls -a
  271  docker images
  272  docker build
  273  docker build --help
  274  ls
  275  cd mat*
  276  ls
  277  rm nohup.out
  278  ls
  279  docker containers
  280  docker container ls
  281  docker container ls -a
  282  docker container ls
  283  docker container ls -a
  284  docker images
  285  docker image --help
  286  docker image rm python
  287  docker images
  288  DOCKER_BUILDKIT=1 docker build .
  289  ls
  290  cd ..
  291  ls
  292  git clone https://github.com/aaron0096/Py3Docker.git
  293  ls
  294  cat Py3D
  295  cat Py3D*
  296  cd Py3D*
  297  ls
  298  git pull
  299  ls
  300  git set user
  301  git set
  302  git user
  303  git auth login
  304  gh auth login
  305  ls
  306  cat newapp.py
  307  git pull
  308  ls
  309  cat newapp.py
  310  python3 venv
  311  python3 -v venv 
  312  ls
  313  python3 -m venv 
  314  python3 -m venv venv
  315  ls
  316  python3 -v venv
  317  python3 --help
  318  python3 -VV
  319  python3 -V
  320  python3 -VV
  321  python3 -v
  322  ls
  323  source venv/bin/activate
  324  python3 newapp.py
  325  python3 -m pip install flask
  326  python3 newapp.py
  327  ls
  328  cat Dockerfile
  329  vi Dockerfile
  330  python3 -V
  331  python3 -VV
  332  ls
  333  python3 -update
  334  python3 update
  335  python3 -m pip update python
  336  git pull
  337  ls
  338  clear
  339  ls
  340  docker build
  341  docker build --tag python_docker
  342  deactivate
  343  docker build --tag python_docker
  344  ls
  345  docker build --tag python_docker .
  346  /usr/local/bin/python -m pip install --upgrade pip
  347  python3 -m pip install --upgrade pip
  348  pip install --upgrade pip
  349  apt install python3-pip
  350  df
  351  df -h
  352  git pull
  353  ls
  354  clear
  355  ls
  356  cat Dockerfile
  357  ls
  358  docker images
  359  docker rm python_docker
  360  docker image rm python_docker
  361  ls
  362  docker images
  363  docker build --name Py3Dockr .
  364  docker build -name Py3Dockr .
  365  history
  366  docker build --tag Py3Dockr .
  367  docker build --tag py3dockr .
  368  python3 -m pip install --upgrade pip
  369  ls
  370  docker images
  371  docker run -dp 9000:9000 --name py3_docker py3dockr:latest
  372  ls
  373  docker run -dp 9000:9000 --name py3_docker py3dockr:latest
  374  docker container ls
  375  docker container ls -a
  376  docker container stop
  377  docker container stop 65b
  378  ls
  379  docker container stop 65b
  380  docker container ls -a
  381  docker container stop 65b
  382  docker container ls -a
  383  docker container ls 
  384  docker container rm 65b
  385  docker container ls 
  386  docker container ls -a
  387  ls
  388  git pull
  389  docker build -t .
  390  docker build -t py3app  .
  391  docker images
  392  docker rmi py3dockr
  393  docker images
  394  docker run -dp 9000:9000 py3app
  395  git pull
  396  dockerimages
  397  docker images
  398  docker rmi py3app
  399  docker container
  400  docker container ls
  401  docker container ls -a
  402  docker container rm ecc
  403  ls
  404  docker container ls
  405  docker images
  406  docker rmi py3app
  407  docker images
  408  ls
  409  cat dockerfile
  410  cat Dockerfile
  411  docker build -t py3app .
  412  docker images
  413  docker run py3app -d -p 9000:9000 
  414  docker run py3app -dp 9000:9000 
  415  docker run -dp 9000:9000 py3app
  416  docker container ls
  417  docker container ls -a
  418  docker container rm 3a4 9bf
  419  docker container ls -a
  420  git pull
  421  ls
  422  docker images
  423  docker rmi py3app
  424  docker container ls
  425  docker container stop a48
  426  docker container rm a48
  427  docker container ls -a
  428  docker images
  429  docker rmi py3app
  430  ls
  431  cat Dockerfile
  432  docker built -t celsius .
  433  docker build -t celsius .
  434  docker images
  435  docker run -dp 8000:8000 celsius
  436  git pull
  437  ls
  438  docker iamges
  439  docker images
  440  docker container ls -a
  441  docker build -t celsius2 .
  442  docker images
  443  docker run -dp 9000:9001 celcius2
  444  ls
  445  docker images
  446  docker run -dp 9000:9001 celsius2  
  447  docker container ls
  448  docker container ls -a
  449  history
  450  docker image pull nginx
  451  docker images
  452  docker rm -f celsius2 celsius
  453  docker rmi -f celsius2 celsius
  454  docker container ls -a
  455  docker container rm b48 5c7
  456  docker container ls -a
  457  docker images
  458  dock
  459  docker run -dp 1001:80 nginx --name nginx
  460  docker container ls
  461  docker container ls -a
  462  docker container rm 8cf
  463  clear
  464  history | less
  465  docker run -dp 1010:80 nginx
  466  docker run --help
  467  docker container ls
  468  ls
  469  docker container ls
  470  docker container stop a40
  471  docker container rm a40
  472  ls
  473  git pull
  474  ls
  475  cat Docker*
  476  docker images
  477  docker build -t py3app .
  478  ls
  479  docker images
  480  docker run -dp 9000:9000 py3app
  481  docker container ls -
  482  docker container ls 
  483  docker container ls -a
  484  git pull
  485  ls
  486  docker images
  487  docker ps
  488  docker ps -a
  489  docker ps rm 4644
  490  docker rm 4644
  491  docker ps -a
  492  docker rm --help
  493  docker images
  494  docker rmi py3app
  495  docker images
  496  cat Docker*
  497  docker build -t py3app_f2c .
  498  docker images
  499  docker run -dp 5000:5000 --name firstdockerpy py3app_f2c
  500  docker ps
  501  docker ps -a
  502  ls
  503  docker ps
  504  docker rm 0c0
  505  docker images
  506  docker rmi py3app
  507  docker rmi py3app*
  508  docker rmi py3app_f2c
  509  docker rmi python nginx
  510  docker images
  511  docker rm python
  512  docker rmi python
  513  docker rmi 3.8-slim-buster
  514  docker rmi 9e6f
  515  docker images
  516  clear
  517  df -h
  518  ls
  519  cd ..
  520  ls
  521  mkdir testdocker
  522  ls
  523  cd testdocker
  524  ls
  525  vi server.py
  526  vi requirements.txt
  527  ls
  528  cat req*
  529  vi Dockerfile
  530  docker build -t flask-app .
  531  docker run -d -p 5000:5000 --name flask-app flask-app:latest
  532  docker ps
  533  docker restart ec6
  534  docker ps
  535  docker ps -a
  536  docker --help
  537  docker restart ec6
  538  docker ps -a
  539  docker restart ec6
  540  docker ps -a
  541  docker logs ec6
  542  docker images
  543  docker rmi flask-app
  544  docker rmi -f flask-app
  545  docker ps -a
  546  docker rm ec6
  547  ls
  548  mv server.py app.py
  549  docker build --tag flask-app .
  550  docker images
  551  docker run -dp 9000:9000 --name flask-app flask-app:latest
  552  docker ps
  553  docker logs 66
  554  docker run -dp 5000:5000 --name flask-app flask-app:latest
  555  docker ps -a
  556  docker rm 6688
  557  docker rm -f 6688
  558  docker run -dp 5000:5000 --name flask-app flask-app:latest
  559  ls
  560  vi req*
  561  ls
  562  docker images
  563  docker rmi flask-app
  564  docker stop 227
  565  docker rm 227
  566  docker rmi e4b
  567  docker images
  568  ls
  569  df -h
  570  docker build --tag py3app .
  571  ls
  572  docker images
  573  docker run -dp 5000:5000 py3app
  574  docker ps
  575  ls
  576  docker stop 47
  577  docker rm 47
  578  docker images
  579  docker rmi py3app
  580  docker images
  581  ls
  582  vi Dockerfile
  583  ls
  584  vi Do*
  585  cd ..
  586  ls
  587  cd Py3*
  588  cd Py3D*
  589  ls
  590  less Docker*
  591  vi Docker*
  592  ls
  593  git add .
  594  git commit -m 'editing docker files'
  595  ls
  596  git push
  597  docker images
  598  docker containers
  599  docker container -ls
  600  docker container ls
  601  docker container ls -a
  602  ls
  603  docker build --tag py3app .
  604  docker images
  605  ls
  606  cat Dockerfile
  607  ls
  608  docker images
  609  docker run py3app 5000:5000
  610  docker run -dp 5000:5000 py3app
  611  docker containers
  612  docker container ls
  613  docker container ls -a
  614  docker run -dp 5000:5000 py3app
  615  ls
  616  docker container ls -a
  617  docker stop 2a 07 f4
  618  docker prune
  619  docker container prune
  620  ls
  621  docker images
  622  docker rmi 3ae
  623  docker images
  624  docker logs 
  625  docker logs py3
  626  docker logs py3app
  627  docker build --tag c_to_f .
  628  docker run -dp 5000:5000 c_to_f 
  629  docker log c_to_f
  630  docker container ls
  631  docker container ls -a
  632  docker logs c4cc
  633  docker container ls
  634  docker container prune
  635  docker images
  636  docker rmi d68
  637  docker images
  638  docker build --tag ctof .
  639  docker images
  640  docker run -dp 5000:5000 ctof
  641  docker log ctof
  642  docker logs 7bd
  643  docker container ls
  644  docker container ls -a
  645  docker logs aec
  646  ls
  647  docker containers -a
  648  docker ps -a
  649  docker rm aec
  650  docker iamges
  651  docker images
  652  docker rmi 7bd
  653  ls
  654  git pull
  655  cat c_*
  656  ls
  657  docker build --tag testapp .
  658  docker images
  659  docker run -dp 5000:5000 testapp --name testingcontainer
  660  docker ps -a
  661  docker ps
  662  docker logs 3cfc
  663  docker logs
  664  docker ps -a
  665  docker logs 3cfc
  666  docker run -dp 5000:5000 testapp
  667  docker ps
  668  ls
  669  cat c_to_f.py
  670  ls
  671  docker ps
  672  docker stop 36
  673  ls
  674  docker run -p 5000:5000 testapp
  675  docker ps
  676  docker ps -a
  677  docker ps prune
  678  docker prune
  679  docker container prune
  680  ls
  681  source vene/bin/activate
  682  source venv/bin/activate
  683  python3 c_to_f.py
  684  ls
  685  less record.log
  686  ls
  687  git pull 
  688  python3 c_to_f.py
  689  ls
  690  less record.log
  691  git pull
  692  python3 c_to_f.py
  693  less record.log
  694  git pull
  695  ls
  696  python3 newapp.py
  697  git pull
  698  python3 newapp.py
  699  git pull
  700  python3 newapp.py
  701  git pull
  702  python3 newapp.py
  703  git pull
  704  python3 newapp.py
  705  git pull
  706  python3 newapp.py
  707  git pull
  708  python3 newapp.py
  709  python3 --v
  710  python3 -vv
  711  python3 -v
  712  python3 -version
  713  python3 version
  714  python3 -version
  715  python3 --help
  716  python3 -V
  717  python3 --help
  718  git pull
  719  python3 newapp.py
  720  clear
  721  python3 newapp.py
  722  clear
  723  git pull
  724  python3 newapp.py
  725  ls
  726  less record_*
  727  git pull
  728  python3 newapp.py
  729  git pull
  730  python3 newapp.py
  731  git pull
  732  python3 newapp.py
  733  git pull
  734  python3 newapp.py
  735  ls
  736  less record_*
  737  rm record_
  738  rm record_*
  739  ls
  740  git pull
  741  python3 newapp.py
  742  git pull
  743  python3 newapp.py
  744  ls
  745  less record_
  746  less record_*
  747  git pull
  748  ls
  749  rm record.log
  750  ls
  751  python3 c_to_f.py
  752  ls
  753  cat record.log
  754  nohup python3 newapp.py
  755  nohup python3 c_to_f.py &
  756  ps
  757  ps -a
  758  ps -la
  759  ps -lta
  760  ps -lra
  761  ps -ltra
  762  ps -la
  763  ps -lan
  764  ps -n
  765  ps stop 4536
  766  kill 4536
  767  ps stop 4536
  768  ps -n
  769  ls
  770  cat nohup.out
  771  rm nohup.out
  772  python3 c_to_f.py && asd
  773  ls
  774  rm -r record*
  775  ls
  776  nohup python3 newapp.py &
  777  asd
  778  nohup python3 c_to_f.py &
  779  ls
  780  cat nohup.out
  781  rm nohup.out
  782  ps -a
  783  ps -n
  784  ps -tn
  785  ps --help l
  786  ps --help s
  787  ps --help t
  788  ps --help m
  789  ps --help a
  790  clear
  791  ps --help a
  792  ps -ltf
  793  ps -lf
  794  ps -f
  795  ps -lf
  796  clear
  797  ps -lf
  798  ps -a
  799  ps -n
  800  ps -t
  801  ps -lta
  802  ps -lt
  803  ps -ltr
  804  ps -lt
  805  ps -a
  806  ps -lta
  807  ps -lt
  808  ps -ltra
  809  ls -ltra
  810  ps -ltra
  811  ps -lt
  812  docker images
  813  rmi c556 a08
  814  docker rmi c556 a08
  815  df -h
  816  groupadd --system prometheus
  817  man useradd
  818  useradd -s /sbin/nologin -r -g prometheus prometheus
  819  ls
  820  mkdir -p /var/lib/prometheus
  821  mkdir -p /etc/prometheus
  822  ls
  823  cd prometheus-2.38.0.linux-amd64
  824  ls
  825  cd ..
  826  ls
  827  man cp
  828  cp prometheus-2.38.0.darwin-amd64/prometheus prometheus prometheus.yml
  829  cp prometheus-2.38.0.darwin-amd64/prometheus
  830  cp prometheus-2.38.0.darwin-amd64/prometheus /usr/local/bin
  831  cp prometheus-2.38.0.linux-amd64/prometheus /usr/local/bin
  832  cp prometheus-2.38.0.linux-amd64/prometheus prometheus prometheus.yml
  833  cp prometheus-2.38.0.linux-amd64/promtool /usr/local/bin
  834  cp -r prometheus-2.38.0.linux-amd64 /etc/prometheus/
  835  cp -r prometheus-2.38.0.linux-amd64/console_libraries/ /etc/prometheus/
  836  cp -r prometheus-2.38.0.linux-amd64/prometheus.yml/ /etc/prometheus/
  837  cp -r prometheus-2.38.0.linux-amd64/prometheus.yml /etc/prometheus/
  838  ls
  839  cd ..
  840  ls
  841  cd ..
  842  ls
  843  cd usr/local/bin
  844  ls
  845  cd ..
  846  ls
  847  cd ..
  848  ls
  849  ls -ltra
  850  ls -lta
  851  ls
  852  cd etc
  853  ls
  854  cd prom*
  855  ls
  856  cd prom*
  857  cd prometheus-2.*
  858  ls
  859  cd ..
  860  ls
  861  cd ..
  862  cd..
  863  ls
  864  cd
  865  ls
  866  cd root
  867  ls
  868  ls -ltra
  869  chown prometheus:prometheus /etc/prometheus
  870  chown prometheus:prometheus /etc/prom
  871  systemctl daemon --reload
  872  systemctl --reload daemon
  873  systemctl daemon-reload
  874  chown prometheus:prometheus /etc/prometheus
  875  chown prometheus:prometheus /usr/local/bin/prometheus
  876  chown prometheus:prometheus /usr/local/bin/promtool
  877  chown -R prometheus:prometheus /etc/prometheus/consoles
  878  chown -R prometheus:prometheus /etc/prometheus/console_libraries
  879  chown -R prometheus:prometheus /var/lib/prometheus
  880  systelctl daemon-reload
  881  systemctl daemon-reload
  882  systemctl enable prometheus
  883  ls
  884  systemctl status prometheus
  885  df -h
  886  man chown
  887  cd /usr/local/bin
  888  ls
  889  cd pip
  890  cat pip
  891  rm pip*
  892  ls
  893  cd ..
  894  ls
  895  cd
  896  cd /etc/systemd/system/
  897  ls
  898  vi prometheus.service
  899  cd
  900  sudo -s
  901  systemctl status graphana
  902  systemctl start graphana
  903  ls
  904  cd etc/
  905  cd /etc
  906  lsl
  907  ls
  908  df -h
  909  cd ..
  910  ls
  911  cd var
  912  ls
  913  cd lib
  914  ls
  915  cd ..
  916  cd
  917  systemctl node_exporter
  918  systemctl start node_exporter
  919  systemctl status node_exporte
  920  systemctl start graphana
  921  ps -la
  922  ps -lt
  923  ps -lta
  924  ps -lna
  925  ps -A
  926  ps -lA
  927  systemctl start grafana
  928  sudo apt-get install -y apt-transport-https
  929  sudo apt-get install -y software-properties-common wget
  930  sudo wget -q -O /usr/share/keyrings/grafana.key https://packages.grafana.com/gpg.key
  931  sudo apt-get update
  932  sudo apt-get install grafana-enterprise
  933  sudo systemctl daemon-reload
  934  sudo systemctl start grafana-server
  935  python3 newapp.py 
  936  ls
  937  cd ..
  938  ls
  939  cd Py3Docker/
  940  ls
  941  source venv/bin/activate
  942  python3 c_to_f.py 
  943  pip install flask
  944  python3 c_to_f.py 
  945  ls
  946  cat record
  947  cat record.log 
  948  nohup python3 c_to_f.py &
  949  ps -a
  950  git add .
  951  git commit
  952  ls
  953  git push
  954  ls
  955  cat record.log 
  956  less record.log 
  957  history
  958  history > sudo_history.log
